<?xml version="1.0" encoding="UTF-8"?>
<!-- Generated by org.testng.reporters.JUnitXMLReporter -->
<testsuite ignored="1" hostname="iBM-THINK" failures="0" tests="3" name="Default test" time="111.944" errors="0" timestamp="30 Dec 2018 15:01:05 GMT">
  <testcase classname="com.crm.qa.testcases.ContextPageTest" name="validatecreateNewContact" time="7.444"/>
  <testcase classname="com.crm.qa.testcases.ContextPageTest" name="validatecreateNewContact" time="6.584"/>
  <testcase classname="com.crm.qa.testcases.ContextPageTest" name="validatecreateNewContact" time="7.992"/>
  <testcase classname="com.crm.qa.testcases.ContextPageTest" name="VerifyContactsPageLable" time="0.0">
    <ignored/>
  </testcase> <!-- VerifyContactsPageLable -->
</testsuite> <!-- Default test -->
